{"level":"error","message":"Database connection failed: connect ECONNREFUSED ::1:27017, connect ECONNREFUSED 127.0.0.1:27017","reason":{"commonWireVersion":0,"compatible":true,"heartbeatFrequencyMS":10000,"localThresholdMS":15,"logicalSessionTimeoutMinutes":null,"maxElectionId":null,"maxSetVersion":null,"servers":{},"setName":null,"stale":false,"type":"Unknown"},"service":"ayushmann-api","stack":"MongooseServerSelectionError: connect ECONNREFUSED ::1:27017, connect ECONNREFUSED 127.0.0.1:27017\n    at _handleConnectionErrors (E:\\Hackathon\\AyushMann\\ayushmann-project\\server\\node_modules\\mongoose\\lib\\connection.js:816:11)\n    at NativeConnection.openUri (E:\\Hackathon\\AyushMann\\ayushmann-project\\server\\node_modules\\mongoose\\lib\\connection.js:791:11)","timestamp":"2025-09-28 01:38:22"}
{"level":"info","message":"Connected to MongoDB","service":"ayushmann-api","timestamp":"2025-09-28 01:41:22"}
{"level":"info","message":"AyushMann server running on port 5000","service":"ayushmann-api","timestamp":"2025-09-28 01:41:22"}
{"level":"info","message":"GET / - ::1","service":"ayushmann-api","timestamp":"2025-09-28 01:42:04"}
{"level":"info","message":"GET /favicon.ico - ::1","service":"ayushmann-api","timestamp":"2025-09-28 01:42:04"}
{"level":"info","message":"Connected to MongoDB","service":"ayushmann-api","timestamp":"2025-09-28 01:43:59"}
{"level":"info","message":"GET / - ::1","service":"ayushmann-api","timestamp":"2025-09-28 01:44:29"}
{"level":"info","message":"Connected to MongoDB","service":"ayushmann-api","timestamp":"2025-09-28 01:45:19"}
{"level":"info","message":"Connected to MongoDB","service":"ayushmann-api","timestamp":"2025-09-28 01:48:51"}
{"level":"info","message":"AyushMann server running on port 5000","service":"ayushmann-api","timestamp":"2025-09-28 01:48:51"}
{"level":"info","message":"Connected to MongoDB","service":"ayushmann-api","timestamp":"2025-09-28 01:50:50"}
{"level":"info","message":"AyushMann server running on port 50001","service":"ayushmann-api","timestamp":"2025-09-28 01:50:50"}
{"level":"info","message":"SIGINT received. Shutting down gracefully...","service":"ayushmann-api","timestamp":"2025-09-28 01:51:17"}
{"level":"info","message":"Connected to MongoDB","service":"ayushmann-api","timestamp":"2025-09-28 01:51:57"}
{"level":"info","message":"AyushMann server running on port 5000","service":"ayushmann-api","timestamp":"2025-09-28 01:51:57"}
{"level":"info","message":"Connected to MongoDB","service":"ayushmann-api","timestamp":"2025-09-30 01:45:37"}
{"level":"info","message":"AyushMann server running on port 5000","service":"ayushmann-api","timestamp":"2025-09-30 01:45:37"}
{"level":"info","message":"GET / - ::1","service":"ayushmann-api","timestamp":"2025-09-30 01:46:11"}
{"level":"info","message":"GET /favicon.ico - ::1","service":"ayushmann-api","timestamp":"2025-09-30 01:46:11"}
{"level":"info","message":"SIGINT received. Shutting down gracefully...","service":"ayushmann-api","timestamp":"2025-09-30 07:49:56"}
{"level":"info","message":"Connected to MongoDB","service":"ayushmann-api","timestamp":"2025-09-30 07:50:39"}
{"level":"info","message":"AyushMann server running on port 5000","service":"ayushmann-api","timestamp":"2025-09-30 07:50:39"}
{"level":"info","message":"Connected to MongoDB","service":"ayushmann-api","timestamp":"2025-09-30 07:50:55"}
{"level":"info","message":"AyushMann server running on port 50001","service":"ayushmann-api","timestamp":"2025-09-30 07:50:55"}
{"level":"info","message":"SIGINT received. Shutting down gracefully...","service":"ayushmann-api","timestamp":"2025-09-30 07:57:34"}
{"level":"info","message":"Connected to MongoDB","service":"ayushmann-api","timestamp":"2025-09-30 08:01:31"}
{"level":"info","message":"AyushMann server running on port 5000","service":"ayushmann-api","timestamp":"2025-09-30 08:01:31"}
{"level":"info","message":"Connected to MongoDB","service":"ayushmann-api","timestamp":"2025-09-30 08:02:56"}
{"level":"info","message":"AyushMann server running on port 5000","service":"ayushmann-api","timestamp":"2025-09-30 08:02:56"}
{"level":"info","message":"Connected to MongoDB","service":"ayushmann-api","timestamp":"2025-09-30 08:11:55"}
{"level":"info","message":"AyushMann server running on port 50001","service":"ayushmann-api","timestamp":"2025-09-30 08:11:55"}
{"level":"info","message":"Connected to MongoDB","service":"ayushmann-api","timestamp":"2025-09-30 08:12:18"}
{"level":"info","message":"Connected to MongoDB","service":"ayushmann-api","timestamp":"2025-09-30 08:12:18"}
{"level":"info","message":"AyushMann server running on port 5000","service":"ayushmann-api","timestamp":"2025-09-30 08:12:18"}
{"level":"info","message":"AyushMann server running on port 50001","service":"ayushmann-api","timestamp":"2025-09-30 08:12:18"}
{"level":"info","message":"Connected to MongoDB","service":"ayushmann-api","timestamp":"2025-09-30 08:13:55"}
{"level":"info","message":"AyushMann server running on port 5000","service":"ayushmann-api","timestamp":"2025-09-30 08:13:55"}
{"level":"info","message":"POST /api/auth/login - ::1","service":"ayushmann-api","timestamp":"2025-09-30 08:14:20"}
{"level":"info","message":"POST /api/auth/login - ::1","service":"ayushmann-api","timestamp":"2025-09-30 08:14:25"}
{"level":"info","message":"Connected to MongoDB","service":"ayushmann-api","timestamp":"2025-09-30 08:15:16"}
{"level":"info","message":"AyushMann server running on port 5000","service":"ayushmann-api","timestamp":"2025-09-30 08:15:16"}
{"level":"info","message":"Connected to MongoDB","service":"ayushmann-api","timestamp":"2025-09-30 08:15:19"}
{"level":"info","message":"AyushMann server running on port 5000","service":"ayushmann-api","timestamp":"2025-09-30 08:15:19"}
{"level":"info","message":"POST /api/auth/seed-demo - ::1","service":"ayushmann-api","timestamp":"2025-09-30 08:17:11"}
{"level":"info","message":"POST /api/auth/login - ::1","service":"ayushmann-api","timestamp":"2025-09-30 08:17:44"}
{"level":"info","message":"GET /api/auth/me - ::1","service":"ayushmann-api","timestamp":"2025-09-30 08:17:45"}
